This is pdfTeX, Version 3.14159265-2.6-1.40.21 (MiKTeX 2.9.7440 64-bit) (preloaded format=pdflatex 2020.6.5)  5 JUN 2020 19:50
entering extended mode
**./Dokumentacja.tex
(Dokumentacja.tex
LaTeX2e <2020-02-02> patch level 5
L3 programming layer <2020-06-03>
("C:\Users\user\AppData\Local\Programs\MiKTeX 2.9\tex/latex/base\article.cls"
Document Class: article 2019/12/20 v1.4l Standard LaTeX document class
("C:\Users\user\AppData\Local\Programs\MiKTeX 2.9\tex/latex/base\size11.clo"
File: size11.clo 2019/12/20 v1.4l Standard LaTeX file (size option)
)
\c@part=\count167
\c@section=\count168
\c@subsection=\count169
\c@subsubsection=\count170
\c@paragraph=\count171
\c@subparagraph=\count172
\c@figure=\count173
\c@table=\count174
\abovecaptionskip=\skip47
\belowcaptionskip=\skip48
\bibindent=\dimen134
)
("C:\Users\user\AppData\Local\Programs\MiKTeX 2.9\tex/latex/polski\polski.sty"
Package: polski 2017/05/04 v1.3.4 Polish language package

   Switching to Polish text encoding and Polish maths fonts.
("C:\Users\user\AppData\Local\Programs\MiKTeX 2.9\tex/latex/base\ot4enc.def"
File: ot4enc.def 2020/02/11 v2.0o Standard LaTeX file
Now handling font encoding OT4 ...
... no UTF-8 mapping file for font encoding OT4
)
LaTeX Font Info:    Trying to load font information for OT4+cmr on input line 3
60.

("C:\Users\user\AppData\Local\Programs\MiKTeX 2.9\tex/latex/polski\ot4cmr.fd"
File: ot4cmr.fd 2008/02/24 v1.2.1 Font defs for fonts PL (MW)
)
LaTeX Font Info:    Overwriting math alphabet `\mathbf' in version `normal'
(Font)                  OT1/cmr/bx/n --> OT4/cmr/bx/n on input line 360.
LaTeX Font Info:    Overwriting math alphabet `\mathsf' in version `normal'
(Font)                  OT1/cmss/m/n --> OT4/cmss/m/n on input line 360.
LaTeX Font Info:    Overwriting math alphabet `\mathit' in version `normal'
(Font)                  OT1/cmr/m/it --> OT4/cmr/m/it on input line 360.
LaTeX Font Info:    Overwriting math alphabet `\mathtt' in version `normal'
(Font)                  OT1/cmtt/m/n --> OT4/cmtt/m/n on input line 360.
LaTeX Font Info:    Overwriting math alphabet `\mathsf' in version `bold'
(Font)                  OT1/cmss/bx/n --> OT4/cmss/bx/n on input line 360.
LaTeX Font Info:    Overwriting math alphabet `\mathit' in version `bold'
(Font)                  OT1/cmr/bx/it --> OT4/cmr/bx/it on input line 360.
LaTeX Font Info:    Encoding `OT1' has changed to `OT4' for symbol font
(Font)              `operators' in the math version `normal' on input line 360.

LaTeX Font Info:    Overwriting symbol font `operators' in version `normal'
(Font)                  OT1/cmr/m/n --> OT4/cmr/m/n on input line 360.
LaTeX Font Info:    Overwriting symbol font `letters' in version `normal'
(Font)                  OML/cmm/m/it --> OML/plm/m/it on input line 360.
LaTeX Font Info:    Overwriting symbol font `symbols' in version `normal'
(Font)                  OMS/cmsy/m/n --> OMS/plsy/m/n on input line 360.
LaTeX Font Info:    Overwriting symbol font `largesymbols' in version `normal'
(Font)                  OMX/cmex/m/n --> OMX/plex/m/n on input line 360.
LaTeX Font Info:    Encoding `OT1' has changed to `OT4' for symbol font
(Font)              `operators' in the math version `bold' on input line 360.
LaTeX Font Info:    Overwriting symbol font `operators' in version `bold'
(Font)                  OT1/cmr/bx/n --> OT4/cmr/bx/n on input line 360.
LaTeX Font Info:    Overwriting symbol font `letters' in version `bold'
(Font)                  OML/cmm/b/it --> OML/plm/b/it on input line 360.
LaTeX Font Info:    Overwriting symbol font `symbols' in version `bold'
(Font)                  OMS/cmsy/b/n --> OMS/plsy/b/n on input line 360.
) ("C:\Users\user\AppData\Local\Programs\MiKTeX 2.9\tex/latex/base\inputenc.sty
"
Package: inputenc 2018/08/11 v1.3c Input encoding file
\inpenc@prehook=\toks15
\inpenc@posthook=\toks16
)
("C:\Users\user\AppData\Local\Programs\MiKTeX 2.9\tex/latex/graphics\graphicx.s
ty"
Package: graphicx 2019/11/30 v1.2a Enhanced LaTeX Graphics (DPC,SPQR)

("C:\Users\user\AppData\Local\Programs\MiKTeX 2.9\tex/latex/graphics\keyval.sty
"
Package: keyval 2014/10/28 v1.15 key=value parser (DPC)
\KV@toks@=\toks17
)
("C:\Users\user\AppData\Local\Programs\MiKTeX 2.9\tex/latex/graphics\graphics.s
ty"
Package: graphics 2019/11/30 v1.4a Standard LaTeX Graphics (DPC,SPQR)

("C:\Users\user\AppData\Local\Programs\MiKTeX 2.9\tex/latex/graphics\trig.sty"
Package: trig 2016/01/03 v1.10 sin cos tan (DPC)
)
("C:\Users\user\AppData\Local\Programs\MiKTeX 2.9\tex/latex/graphics-cfg\graphi
cs.cfg"
File: graphics.cfg 2016/06/04 v1.11 sample graphics configuration
)
Package graphics Info: Driver file: pdftex.def on input line 105.

("C:\Users\user\AppData\Local\Programs\MiKTeX 2.9\tex/latex/graphics-def\pdftex
.def"
File: pdftex.def 2018/01/08 v1.0l Graphics/color driver for pdftex
))
\Gin@req@height=\dimen135
\Gin@req@width=\dimen136
)
("C:\Users\user\AppData\Local\Programs\MiKTeX 2.9\tex/latex/hyperref\hyperref.s
ty"
Package: hyperref 2020-05-15 v7.00e Hypertext links for LaTeX

("C:\Users\user\AppData\Local\Programs\MiKTeX 2.9\tex/generic/ltxcmds\ltxcmds.s
ty"
Package: ltxcmds 2019/12/15 v1.24 LaTeX kernel commands for general use (HO)
)
("C:\Users\user\AppData\Local\Programs\MiKTeX 2.9\tex/generic/iftex\iftex.sty"
Package: iftex 2020/03/06 v1.0d TeX engine tests
)
("C:\Users\user\AppData\Local\Programs\MiKTeX 2.9\tex/latex/pdftexcmds\pdftexcm
ds.sty"
Package: pdftexcmds 2019/11/24 v0.31 Utility functions of pdfTeX for LuaTeX (HO
)

("C:\Users\user\AppData\Local\Programs\MiKTeX 2.9\tex/generic/infwarerr\infware
rr.sty"
Package: infwarerr 2019/12/03 v1.5 Providing info/warning/error messages (HO)
)
Package pdftexcmds Info: \pdf@primitive is available.
Package pdftexcmds Info: \pdf@ifprimitive is available.
Package pdftexcmds Info: \pdfdraftmode found.
)
("C:\Users\user\AppData\Local\Programs\MiKTeX 2.9\tex/generic/kvsetkeys\kvsetke
ys.sty"
Package: kvsetkeys 2019/12/15 v1.18 Key value parser (HO)
)
("C:\Users\user\AppData\Local\Programs\MiKTeX 2.9\tex/generic/kvdefinekeys\kvde
finekeys.sty"
Package: kvdefinekeys 2019-12-19 v1.6 Define keys (HO)
)
("C:\Users\user\AppData\Local\Programs\MiKTeX 2.9\tex/generic/pdfescape\pdfesca
pe.sty"
Package: pdfescape 2019/12/09 v1.15 Implements pdfTeX's escape features (HO)
)
("C:\Users\user\AppData\Local\Programs\MiKTeX 2.9\tex/latex/hycolor\hycolor.sty
"
Package: hycolor 2020-01-27 v1.10 Color options for hyperref/bookmark (HO)
)
("C:\Users\user\AppData\Local\Programs\MiKTeX 2.9\tex/latex/letltxmacro\letltxm
acro.sty"
Package: letltxmacro 2019/12/03 v1.6 Let assignment for LaTeX macros (HO)
)
("C:\Users\user\AppData\Local\Programs\MiKTeX 2.9\tex/latex/auxhook\auxhook.sty
"
Package: auxhook 2019-12-17 v1.6 Hooks for auxiliary files (HO)
)
("C:\Users\user\AppData\Local\Programs\MiKTeX 2.9\tex/latex/kvoptions\kvoptions
.sty"
Package: kvoptions 2019/11/29 v3.13 Key value format for package options (HO)
)
\@linkdim=\dimen137
\Hy@linkcounter=\count175
\Hy@pagecounter=\count176

("C:\Users\user\AppData\Local\Programs\MiKTeX 2.9\tex/latex/hyperref\pd1enc.def
"
File: pd1enc.def 2020-05-15 v7.00e Hyperref: PDFDocEncoding definition (HO)
Now handling font encoding PD1 ...
... no UTF-8 mapping file for font encoding PD1
)
("C:\Users\user\AppData\Local\Programs\MiKTeX 2.9\tex/generic/intcalc\intcalc.s
ty"
Package: intcalc 2019/12/15 v1.3 Expandable calculations with integers (HO)
)
("C:\Users\user\AppData\Local\Programs\MiKTeX 2.9\tex/generic/etexcmds\etexcmds
.sty"
Package: etexcmds 2019/12/15 v1.7 Avoid name clashes with e-TeX commands (HO)
)
\Hy@SavedSpaceFactor=\count177
Package hyperref Info: Option `colorlinks' set `true' on input line 4338.
Package hyperref Info: Hyper figures OFF on input line 4464.
Package hyperref Info: Link nesting OFF on input line 4469.
Package hyperref Info: Hyper index ON on input line 4472.
Package hyperref Info: Plain pages OFF on input line 4479.
Package hyperref Info: Backreferencing OFF on input line 4484.
Package hyperref Info: Implicit mode ON; LaTeX internals redefined.
Package hyperref Info: Bookmarks ON on input line 4717.
\c@Hy@tempcnt=\count178
 ("C:\Users\user\AppData\Local\Programs\MiKTeX 2.9\tex/latex/url\url.sty"
\Urlmuskip=\muskip16
Package: url 2013/09/16  ver 3.4  Verb mode for urls, etc.
)
LaTeX Info: Redefining \url on input line 5076.
\XeTeXLinkMargin=\dimen138

("C:\Users\user\AppData\Local\Programs\MiKTeX 2.9\tex/generic/bitset\bitset.sty
"
Package: bitset 2019/12/09 v1.3 Handle bit-vector datatype (HO)

("C:\Users\user\AppData\Local\Programs\MiKTeX 2.9\tex/generic/bigintcalc\bigint
calc.sty"
Package: bigintcalc 2019/12/15 v1.5 Expandable calculations on big integers (HO
)
))
\Fld@menulength=\count179
\Field@Width=\dimen139
\Fld@charsize=\dimen140
Package hyperref Info: Hyper figures OFF on input line 6347.
Package hyperref Info: Link nesting OFF on input line 6352.
Package hyperref Info: Hyper index ON on input line 6355.
Package hyperref Info: backreferencing OFF on input line 6362.
Package hyperref Info: Link coloring ON on input line 6365.
Package hyperref Info: Link coloring with OCG OFF on input line 6372.
Package hyperref Info: PDF/A mode OFF on input line 6377.
LaTeX Info: Redefining \ref on input line 6417.
LaTeX Info: Redefining \pageref on input line 6421.

("C:\Users\user\AppData\Local\Programs\MiKTeX 2.9\tex/generic/atbegshi\atbegshi
.sty"
Package: atbegshi 2019/12/05 v1.19 At begin shipout hook (HO)
)
\Hy@abspage=\count180
\c@Item=\count181
\c@Hfootnote=\count182
)
Package hyperref Info: Driver (autodetected): hpdftex.

("C:\Users\user\AppData\Local\Programs\MiKTeX 2.9\tex/latex/hyperref\hpdftex.de
f"
File: hpdftex.def 2020-05-15 v7.00e Hyperref driver for pdfTeX

("C:\Users\user\AppData\Local\Programs\MiKTeX 2.9\tex/latex/atveryend\atveryend
.sty"
Package: atveryend 2019-12-11 v1.11 Hooks at the very end of document (HO)
Package atveryend Info: \enddocument detected (standard20110627).
)
\Fld@listcount=\count183
\c@bookmark@seq@number=\count184

("C:\Users\user\AppData\Local\Programs\MiKTeX 2.9\tex/latex/rerunfilecheck\reru
nfilecheck.sty"
Package: rerunfilecheck 2019/12/05 v1.9 Rerun checks for auxiliary files (HO)

("C:\Users\user\AppData\Local\Programs\MiKTeX 2.9\tex/generic/uniquecounter\uni
quecounter.sty"
Package: uniquecounter 2019/12/15 v1.4 Provide unlimited unique counter (HO)
)
Package uniquecounter Info: New unique counter `rerunfilecheck' on input line 2
86.
)
\Hy@SectionHShift=\skip49
)
("C:\Users\user\AppData\Local\Programs\MiKTeX 2.9\tex/latex/geometry\geometry.s
ty"
Package: geometry 2020/01/02 v5.9 Page Geometry

("C:\Users\user\AppData\Local\Programs\MiKTeX 2.9\tex/generic/iftex\ifvtex.sty"
Package: ifvtex 2019/10/25 v1.7 ifvtex legacy package. Use iftex instead.
)
\Gm@cnth=\count185
\Gm@cntv=\count186
\c@Gm@tempcnt=\count187
\Gm@bindingoffset=\dimen141
\Gm@wd@mp=\dimen142
\Gm@odd@mp=\dimen143
\Gm@even@mp=\dimen144
\Gm@layoutwidth=\dimen145
\Gm@layoutheight=\dimen146
\Gm@layouthoffset=\dimen147
\Gm@layoutvoffset=\dimen148
\Gm@dimlist=\toks18

("C:\Users\user\AppData\Local\Programs\MiKTeX 2.9\tex/latex/geometry\geometry.c
fg"))
("C:\Users\user\AppData\Local\Programs\MiKTeX 2.9\tex/latex/l3backend\l3backend
-pdfmode.def"
File: l3backend-pdfmode.def 2020-06-03 L3 backend support: PDF mode
\l__kernel_color_stack_int=\count188
\l__pdf_internal_box=\box45
) (Dokumentacja.aux)
\openout1 = `Dokumentacja.aux'.

LaTeX Font Info:    Checking defaults for OML/cmm/m/it on input line 14.
LaTeX Font Info:    ... okay on input line 14.
LaTeX Font Info:    Checking defaults for OMS/cmsy/m/n on input line 14.
LaTeX Font Info:    ... okay on input line 14.
LaTeX Font Info:    Checking defaults for OT1/cmr/m/n on input line 14.
LaTeX Font Info:    ... okay on input line 14.
LaTeX Font Info:    Checking defaults for T1/cmr/m/n on input line 14.
LaTeX Font Info:    ... okay on input line 14.
LaTeX Font Info:    Checking defaults for TS1/cmr/m/n on input line 14.
LaTeX Font Info:    ... okay on input line 14.
LaTeX Font Info:    Checking defaults for OMX/cmex/m/n on input line 14.
LaTeX Font Info:    ... okay on input line 14.
LaTeX Font Info:    Checking defaults for U/cmr/m/n on input line 14.
LaTeX Font Info:    ... okay on input line 14.
LaTeX Font Info:    Checking defaults for OT4/cmr/m/n on input line 14.
LaTeX Font Info:    ... okay on input line 14.
LaTeX Font Info:    Checking defaults for PD1/pdf/m/n on input line 14.
LaTeX Font Info:    ... okay on input line 14.

("C:\Users\user\AppData\Local\Programs\MiKTeX 2.9\tex/context/base/mkii\supp-pd
f.mkii"
[Loading MPS to PDF converter (version 2006.09.02).]
\scratchcounter=\count189
\scratchdimen=\dimen149
\scratchbox=\box46
\nofMPsegments=\count190
\nofMParguments=\count191
\everyMPshowfont=\toks19
\MPscratchCnt=\count192
\MPscratchDim=\dimen150
\MPnumerator=\count193
\makeMPintoPDFobject=\count194
\everyMPtoPDFconversion=\toks20
)
("C:\Users\user\AppData\Local\Programs\MiKTeX 2.9\tex/latex/epstopdf-pkg\epstop
df-base.sty"
Package: epstopdf-base 2020-01-24 v2.11 Base part for package epstopdf
Package epstopdf-base Info: Redefining graphics rule for `.eps' on input line 4
85.
)
\AtBeginShipoutBox=\box47

("C:\Users\user\AppData\Local\Programs\MiKTeX 2.9\tex/latex/graphics\color.sty"
Package: color 2019/11/23 v1.2a Standard LaTeX Color (DPC)

("C:\Users\user\AppData\Local\Programs\MiKTeX 2.9\tex/latex/graphics-cfg\color.
cfg"
File: color.cfg 2016/01/02 v1.6 sample color configuration
)
Package color Info: Driver file: pdftex.def on input line 147.
)
Package hyperref Info: Link coloring ON on input line 14.

("C:\Users\user\AppData\Local\Programs\MiKTeX 2.9\tex/latex/hyperref\nameref.st
y"
Package: nameref 2019/09/16 v2.46 Cross-referencing by name of section

("C:\Users\user\AppData\Local\Programs\MiKTeX 2.9\tex/latex/refcount\refcount.s
ty"
Package: refcount 2019/12/15 v3.6 Data extraction from label references (HO)
)
("C:\Users\user\AppData\Local\Programs\MiKTeX 2.9\tex/generic/gettitlestring\ge
ttitlestring.sty"
Package: gettitlestring 2019/12/15 v1.6 Cleanup title references (HO)
)
\c@section@level=\count195
)
LaTeX Info: Redefining \ref on input line 14.
LaTeX Info: Redefining \pageref on input line 14.
LaTeX Info: Redefining \nameref on input line 14.
 (Dokumentacja.out) (Dokumentacja.out)
\@outlinefile=\write3
\openout3 = `Dokumentacja.out'.


*geometry* driver: auto-detecting
*geometry* detected driver: pdftex
*geometry* verbose mode - [ preamble ] result:
* driver: pdftex
* paper: a4paper
* layout: <same size as paper>
* layoutoffset:(h,v)=(0.0pt,0.0pt)
* modes: includehead includefoot 
* h-part:(L,W,R)=(56.9055pt, 483.69687pt, 56.9055pt)
* v-part:(T,H,B)=(42.67912pt, 745.46222pt, 56.9055pt)
* \paperwidth=597.50787pt
* \paperheight=845.04684pt
* \textwidth=483.69687pt
* \textheight=678.46222pt
* \oddsidemargin=-15.36449pt
* \evensidemargin=-15.36449pt
* \topmargin=-29.59087pt
* \headheight=12.0pt
* \headsep=25.0pt
* \topskip=11.0pt
* \footskip=30.0pt
* \marginparwidth=50.0pt
* \marginparsep=10.0pt
* \columnsep=10.0pt
* \skip\footins=10.0pt plus 4.0pt minus 2.0pt
* \hoffset=0.0pt
* \voffset=0.0pt
* \mag=1000
* \@twocolumnfalse
* \@twosidefalse
* \@mparswitchfalse
* \@reversemarginfalse
* (1in=72.27pt=25.4mm, 1cm=28.453pt)

LaTeX Font Info:    Trying to load font information for OML+plm on input line 1
6.
("C:\Users\user\AppData\Local\Programs\MiKTeX 2.9\tex/latex/polski\omlplm.fd"
File: omlplm.fd 2008/02/24 v1.2.1 Font defs for fonts PL (MW)
)
LaTeX Font Info:    Trying to load font information for OMS+plsy on input line 
16.

("C:\Users\user\AppData\Local\Programs\MiKTeX 2.9\tex/latex/polski\omsplsy.fd"
File: omsplsy.fd 2008/02/24 v1.2.1 Font defs for fonts PL (MW)
)
LaTeX Font Info:    Trying to load font information for OMX+plex on input line 
16.
("C:\Users\user\AppData\Local\Programs\MiKTeX 2.9\tex/latex/polski\omxplex.fd"
File: omxplex.fd 2008/02/24 v1.2.1 Font defs for fonts PL (MW)
)
LaTeX Font Info:    External font `plex10' loaded for size
(Font)              <12> on input line 16.
LaTeX Font Info:    External font `plex10' loaded for size
(Font)              <8> on input line 16.
LaTeX Font Info:    External font `plex10' loaded for size
(Font)              <6> on input line 16.
<logo.jpg, id=83, 500.87125pt x 513.92pt>
File: logo.jpg Graphic file (type jpg)
<use logo.jpg>
Package pdftex.def Info: logo.jpg  used on input line 21.
(pdftex.def)             Requested size: 400.69753pt x 411.13655pt.
[1

{C:/Users/user/AppData/Local/MiKTeX/2.9/pdftex/config/pdftex.map} <./logo.jpg>]
 (Dokumentacja.toc
LaTeX Font Info:    External font `plex10' loaded for size
(Font)              <10.95> on input line 3.
)
\tf@toc=\write4
\openout4 = `Dokumentacja.toc'.

 [2]
<1.1.png, id=119, 507.39563pt x 201.00093pt>
File: 1.1.png Graphic file (type png)
<use 1.1.png>
Package pdftex.def Info: 1.1.png  used on input line 33.
(pdftex.def)             Requested size: 405.91705pt x 160.80095pt.
<1.2.png, id=121, 257.46187pt x 164.11313pt>
File: 1.2.png Graphic file (type png)
<use 1.2.png>
Package pdftex.def Info: 1.2.png  used on input line 38.
(pdftex.def)             Requested size: 257.46123pt x 164.11272pt.
 [3 <./1.1.png> <./1.2.png>]
<1.3.png, id=128, 472.76625pt x 242.40562pt>
File: 1.3.png Graphic file (type png)
<use 1.3.png>
Package pdftex.def Info: 1.3.png  used on input line 44.
(pdftex.def)             Requested size: 472.76509pt x 242.40501pt.
<1.4.png, id=129, 366.61969pt x 160.34906pt>
File: 1.4.png Graphic file (type png)
<use 1.4.png>
Package pdftex.def Info: 1.4.png  used on input line 49.
(pdftex.def)             Requested size: 366.61879pt x 160.34866pt.
 [4 <./1.3.png> <./1.4.png>]
<1.5.png, id=136, 678.28406pt x 273.27094pt>
File: 1.5.png Graphic file (type png)
<use 1.5.png>
Package pdftex.def Info: 1.5.png  used on input line 55.
(pdftex.def)             Requested size: 474.7956pt x 191.28833pt.
<1.5.1.png, id=137, 427.5975pt x 170.88844pt>
File: 1.5.1.png Graphic file (type png)
<use 1.5.1.png>
Package pdftex.def Info: 1.5.1.png  used on input line 59.
(pdftex.def)             Requested size: 427.59645pt x 170.88802pt.
 [5 <./1.5.png> <./1.5.1.png>]
<1.6.png, id=144, 468.24937pt x 194.97844pt>
File: 1.6.png Graphic file (type png)
<use 1.6.png>
Package pdftex.def Info: 1.6.png  used on input line 65.
(pdftex.def)             Requested size: 468.24821pt x 194.97795pt.
 [6 <./1.6.png>]
<1.7.png, id=150, 362.10281pt x 681.29532pt>
File: 1.7.png Graphic file (type png)
<use 1.7.png>
Package pdftex.def Info: 1.7.png  used on input line 71.
(pdftex.def)             Requested size: 271.57643pt x 510.97023pt.
 [7 <./1.7.png>]
<1.8.1.png, id=157, 234.8775pt x 41.4047pt>
File: 1.8.1.png Graphic file (type png)
<use 1.8.1.png>
Package pdftex.def Info: 1.8.1.png  used on input line 78.
(pdftex.def)             Requested size: 234.87692pt x 41.40457pt.
<1.8.png, id=158, 280.79906pt x 160.34906pt>
File: 1.8.png Graphic file (type png)
<use 1.8.png>
Package pdftex.def Info: 1.8.png  used on input line 82.
(pdftex.def)             Requested size: 280.79837pt x 160.34866pt.
<1.9.png, id=159, 597.73312pt x 75.28125pt>
File: 1.9.png Graphic file (type png)
<use 1.9.png>
Package pdftex.def Info: 1.9.png  used on input line 87.
(pdftex.def)             Requested size: 478.18715pt x 60.22507pt.
 [8 <./1.8.1.png> <./1.8.png> <./1.9.png>]
<1.10.png, id=167, 481.04718pt x 318.43968pt>
File: 1.10.png Graphic file (type png)
<use 1.10.png>
Package pdftex.def Info: 1.10.png  used on input line 93.
(pdftex.def)             Requested size: 481.046pt x 318.4389pt.
 [9 <./1.10.png>]
<1.11.png, id=173, 298.11375pt x 258.21469pt>
File: 1.11.png Graphic file (type png)
<use 1.11.png>
Package pdftex.def Info: 1.11.png  used on input line 99.
(pdftex.def)             Requested size: 298.11302pt x 258.21405pt.
 [10 <./1.11.png>]
<1.12.png, id=179, 782.17218pt x 525.46312pt>
File: 1.12.png Graphic file (type png)
<use 1.12.png>
Package pdftex.def Info: 1.12.png  used on input line 105.
(pdftex.def)             Requested size: 469.30693pt x 315.2803pt.
<1.12.1.png, id=180, 357.58594pt x 576.65437pt>
File: 1.12.1.png Graphic file (type png)
<use 1.12.1.png>
Package pdftex.def Info: 1.12.1.png  used on input line 109.
(pdftex.def)             Requested size: 321.82436pt x 518.98413pt.


LaTeX Warning: `h' float specifier changed to `ht'.

[11 <./1.12.png>] [12 <./1.12.1.png>]
<1.13.png, id=191, 206.27063pt x 320.69812pt>
File: 1.13.png Graphic file (type png)
<use 1.13.png>
Package pdftex.def Info: 1.13.png  used on input line 122.
(pdftex.def)             Requested size: 185.64183pt x 288.62563pt.
<1.14.png, id=192, 488.57532pt x 117.43875pt>
File: 1.14.png Graphic file (type png)
<use 1.14.png>
Package pdftex.def Info: 1.14.png  used on input line 127.
(pdftex.def)             Requested size: 439.71373pt x 105.69388pt.
 [13

 <./1.13.png> <./1.14.png>]
Package atveryend Info: Empty hook `BeforeClearDocument' on input line 165.
 [14]
Package atveryend Info: Empty hook `AfterLastShipout' on input line 165.

(Dokumentacja.aux)
Package atveryend Info: Executing hook `AtVeryEndDocument' on input line 165.
Package atveryend Info: Executing hook `AtEndAfterFileList' on input line 165.
Package rerunfilecheck Info: File `Dokumentacja.out' has not changed.
(rerunfilecheck)             Checksum: BE10B207983F9E791A13205403A3529E;1218.
Package atveryend Info: Empty hook `AtVeryVeryEnd' on input line 165.
 ) 
Here is how much of TeX's memory you used:
 6095 strings out of 480797
 95516 string characters out of 2896045
 357651 words of memory out of 3000000
 21937 multiletter control sequences out of 15000+200000
 540827 words of font info for 45 fonts, out of 3000000 for 9000
 1141 hyphenation exceptions out of 8191
 34i,8n,29p,288b,310s stack positions out of 5000i,500n,10000p,200000b,50000s
 <C:\Users\user\AppData\Local\MiKTeX\2.9\fonts/pk/ljfour/jknappen/ec/dpi600\t
crm1095.pk>{C:/Users/user/AppData/Local/Programs/MiKTeX 2.9/fonts/enc/dvips/pl/
plrm.enc}<C:/Users/user/AppData/Local/Programs/MiKTeX 2.9/fonts/type1/public/pl
/plbx10.pfb><C:/Users/user/AppData/Local/Programs/MiKTeX 2.9/fonts/type1/public
/pl/plbx12.pfb><C:/Users/user/AppData/Local/Programs/MiKTeX 2.9/fonts/type1/pub
lic/pl/plr10.pfb><C:/Users/user/AppData/Local/Programs/MiKTeX 2.9/fonts/type1/p
ublic/pl/plr12.pfb><C:/Users/user/AppData/Local/Programs/MiKTeX 2.9/fonts/type1
/public/pl/plr17.pfb>
Output written on Dokumentacja.pdf (14 pages, 476558 bytes).
PDF statistics:
 237 PDF objects out of 1000 (max. 8388607)
 36 named destinations out of 1000 (max. 500000)
 251 words of extra memory for PDF output out of 10000 (max. 10000000)

