\BOOKMARK [1][-]{section.1}{Opis funkcjonalny systemu}{}% 1
\BOOKMARK [1][-]{section.2}{Zagadnienia zawarte w projekcie}{}% 2
\BOOKMARK [2][-]{subsection.2.1}{HTML5}{section.2}% 3
\BOOKMARK [2][-]{subsection.2.2}{CSS3}{section.2}% 4
\BOOKMARK [2][-]{subsection.2.3}{Formularze}{section.2}% 5
\BOOKMARK [2][-]{subsection.2.4}{Baza danych}{section.2}% 6
\BOOKMARK [2][-]{subsection.2.5}{Router}{section.2}% 7
\BOOKMARK [2][-]{subsection.2.6}{Uwierzytelnianie}{section.2}% 8
\BOOKMARK [2][-]{subsection.2.7}{MVC}{section.2}% 9
\BOOKMARK [2][-]{subsection.2.8}{ORM}{section.2}% 10
\BOOKMARK [2][-]{subsection.2.9}{Konsumowanie API}{section.2}% 11
\BOOKMARK [2][-]{subsection.2.10}{Mail}{section.2}% 12
\BOOKMARK [2][-]{subsection.2.11}{Lokalizacja}{section.2}% 13
\BOOKMARK [2][-]{subsection.2.12}{RWD}{section.2}% 14
\BOOKMARK [2][-]{subsection.2.13}{System zarzadzania zaleznosciami}{section.2}% 15
\BOOKMARK [2][-]{subsection.2.14}{Automatyzacja}{section.2}% 16
\BOOKMARK [2][-]{subsection.2.15}{SEO}{section.2}% 17
\BOOKMARK [1][-]{section.3}{Streszczenie opisu technologicznego}{}% 18
\BOOKMARK [1][-]{section.4}{Instrukacja lokalnego uruchomienia systemu}{}% 19
\BOOKMARK [1][-]{section.5}{Wnioski projektowe}{}% 20
